Twitter-Sharing-Example-Android/app/build/outputs/logs/manifest-merger-debug-report.txt
-- Merging decision tree log ---
manifest
ADDED from src/main/AndroidManifest.xml:2:1-43:12
	xmlns:android
		ADDED from src/main/AndroidManifest.xml:2:11-69
	package
		ADDED from src/main/AndroidManifest.xml:3:5-39
		INJECTED from src/main/AndroidManifest.xml
		INJECTED from src/main/AndroidManifest.xml
	android:versionName
		ADDED from src/main/AndroidManifest.xml:5:5-30
		INJECTED from src/main/AndroidManifest.xml
		INJECTED from src/main/AndroidManifest.xml
	android:versionCode
		ADDED from src/main/AndroidManifest.xml:4:5-28
		INJECTED from src/main/AndroidManifest.xml
		INJECTED from src/main/AndroidManifest.xml
uses-sdk
ADDED from src/main/AndroidManifest.xml:7:5-9:41
	android:targetSdkVersion
		ADDED from src/main/AndroidManifest.xml:9:9-38
		INJECTED from src/main/AndroidManifest.xml
		INJECTED from src/main/AndroidManifest.xml
	android:minSdkVersion
		ADDED from src/main/AndroidManifest.xml:8:9-34
		INJECTED from src/main/AndroidManifest.xml
		INJECTED from src/main/AndroidManifest.xml
uses-permission#android.permission.INTERNET
ADDED from src/main/AndroidManifest.xml:12:5-67
	android:name
		ADDED from src/main/AndroidManifest.xml:12:22-64
application
ADDED from src/main/AndroidManifest.xml:14:5-41:19
	android:label
		ADDED from src/main/AndroidManifest.xml:17:9-41
	android:allowBackup
		ADDED from src/main/AndroidManifest.xml:15:9-35
	android:icon
		ADDED from src/main/AndroidManifest.xml:16:9-45
	android:theme
		ADDED from src/main/AndroidManifest.xml:18:9-40
activity#com.example.twittershare.MainActivity
ADDED from src/main/AndroidManifest.xml:19:9-37:20
	android:label
		ADDED from src/main/AndroidManifest.xml:21:13-45
	android:name
		ADDED from src/main/AndroidManifest.xml:20:13-65
intent-filter#android.intent.action.MAIN+android.intent.category.LAUNCHER
ADDED from src/main/AndroidManifest.xml:22:13-26:29
action#android.intent.action.MAIN
ADDED from src/main/AndroidManifest.xml:23:17-69
	android:name
		ADDED from src/main/AndroidManifest.xml:23:25-66
category#android.intent.category.LAUNCHER
ADDED from src/main/AndroidManifest.xml:25:17-77
	android:name
		ADDED from src/main/AndroidManifest.xml:25:27-74
intent-filter#android.intent.action.VIEW+android.intent.category.BROWSABLE+android.intent.category.DEFAULT
ADDED from src/main/AndroidManifest.xml:27:13-36:29
action#android.intent.action.VIEW
ADDED from src/main/AndroidManifest.xml:28:17-69
	android:name
		ADDED from src/main/AndroidManifest.xml:28:25-66
category#android.intent.category.DEFAULT
ADDED from src/main/AndroidManifest.xml:30:17-76
	android:name
		ADDED from src/main/AndroidManifest.xml:30:27-73
category#android.intent.category.BROWSABLE
ADDED from src/main/AndroidManifest.xml:31:17-78
	android:name
		ADDED from src/main/AndroidManifest.xml:31:27-75
data
ADDED from src/main/AndroidManifest.xml:33:17-35:46
	android:host
		ADDED from src/main/AndroidManifest.xml:34:21-45
	android:scheme
		ADDED from src/main/AndroidManifest.xml:35:21-43
activity#com.example.twittershare.WebViewActivity
ADDED from src/main/AndroidManifest.xml:38:9-40:48
	android:label
		ADDED from src/main/AndroidManifest.xml:40:13-45
	android:name
		ADDED from src/main/AndroidManifest.xml:39:13-68